build/intermediates/manifest_merge_blame_file/debug/manifest-merger-blame-debug-report.txt
1<?xml version="1.0" encoding="utf-8"?>
2<manifest xmlns:android="http://schemas.android.com/apk/res/android"
3    package="com.amazonaws.kinesisvideo.demoapp"
4    android:versionCode="1"
5    android:versionName="1.0" >
6
7    <uses-sdk
8        android:minSdkVersion="24"
8-->src/main/AndroidManifest.xml
9        android:targetSdkVersion="29" />
9-->src/main/AndroidManifest.xml
10
11    <uses-permission android:name="android.permission.INTERNET" />
11-->src/main/AndroidManifest.xml:5:5-66
11-->src/main/AndroidManifest.xml:5:22-64
12    <uses-permission android:name="android.permission.ACCESS_NETWORK_STATE" />
12-->src/main/AndroidManifest.xml:6:5-78
12-->src/main/AndroidManifest.xml:6:22-76
13    <uses-permission android:name="android.permission.CAMERA" />
13-->src/main/AndroidManifest.xml:7:5-64
13-->src/main/AndroidManifest.xml:7:22-62
14    <uses-permission android:name="android.permission.WRITE_EXTERNAL_STORAGE" />
14-->src/main/AndroidManifest.xml:8:5-80
14-->src/main/AndroidManifest.xml:8:22-78
15
16    <uses-feature android:name="android.hardware.camera2" />
16-->src/main/AndroidManifest.xml:9:5-61
16-->src/main/AndroidManifest.xml:9:19-58
17
18    <uses-permission android:name="android.permission.ACCESS_WIFI_STATE" />
18-->[com.amazonaws:aws-android-sdk-auth-userpools:2.52.1] AndroidManifest.xml:12:5-76
18-->[com.amazonaws:aws-android-sdk-auth-userpools:2.52.1] AndroidManifest.xml:12:22-73
19
20    <application
20-->src/main/AndroidManifest.xml:11:5-34:19
21        android:name="com.amazonaws.kinesisvideo.demoapp.KinesisVideoDemoApp"
21-->src/main/AndroidManifest.xml:12:9-78
22        android:allowBackup="true"
22-->src/main/AndroidManifest.xml:13:9-35
23        android:appComponentFactory="androidx.core.app.CoreComponentFactory"
23-->[androidx.core:core:1.3.1] AndroidManifest.xml:24:18-86
24        android:debuggable="true"
25        android:extractNativeLibs="false"
26        android:icon="@mipmap/ic_launcher"
26-->src/main/AndroidManifest.xml:14:9-43
27        android:label="@string/app_name"
27-->src/main/AndroidManifest.xml:15:9-41
28        android:supportsRtl="true"
28-->src/main/AndroidManifest.xml:16:9-35
29        android:testOnly="true"
30        android:theme="@style/AppTheme" >
30-->src/main/AndroidManifest.xml:17:9-40
31        <activity
31-->src/main/AndroidManifest.xml:18:9-28:20
32            android:name="com.amazonaws.kinesisvideo.demoapp.activity.StartUpActivity"
32-->src/main/AndroidManifest.xml:19:13-87
33            android:label="@string/title_activity_login" >
33-->src/main/AndroidManifest.xml:20:13-57
34
35            <!-- Make it a default activity -->
36            <intent-filter>
36-->src/main/AndroidManifest.xml:23:13-27:29
37                <action android:name="android.intent.action.MAIN" />
37-->src/main/AndroidManifest.xml:24:17-68
37-->src/main/AndroidManifest.xml:24:25-66
38
39                <category android:name="android.intent.category.LAUNCHER" />
39-->src/main/AndroidManifest.xml:26:17-76
39-->src/main/AndroidManifest.xml:26:27-74
40            </intent-filter>
41        </activity>
42        <activity
42-->src/main/AndroidManifest.xml:29:9-33:20
43            android:name="com.amazonaws.kinesisvideo.demoapp.activity.SimpleNavActivity"
43-->src/main/AndroidManifest.xml:30:13-89
44            android:label="@string/title_activity_simple_nav"
44-->src/main/AndroidManifest.xml:31:13-62
45            android:theme="@style/AppTheme" >
45-->src/main/AndroidManifest.xml:32:13-44
46        </activity>
47
48        <uses-library
48-->[com.amazonaws:aws-android-sdk-kinesisvideo:2.52.1] AndroidManifest.xml:16:9-18:40
49            android:name="org.apache.http.legacy"
49-->[com.amazonaws:aws-android-sdk-kinesisvideo:2.52.1] AndroidManifest.xml:17:13-50
50            android:required="false" />
50-->[com.amazonaws:aws-android-sdk-kinesisvideo:2.52.1] AndroidManifest.xml:18:13-37
51
52        <activity
52-->[com.amazonaws:aws-android-sdk-auth-ui:2.52.1] AndroidManifest.xml:14:9-18:52
53            android:name="com.amazonaws.mobile.auth.ui.SignInActivity"
53-->[com.amazonaws:aws-android-sdk-auth-ui:2.52.1] AndroidManifest.xml:15:13-71
54            android:configChanges="keyboard|keyboardHidden|orientation|screenSize"
54-->[com.amazonaws:aws-android-sdk-auth-ui:2.52.1] AndroidManifest.xml:16:13-83
55            android:label="@string/title_activity_sign_in"
55-->[com.amazonaws:aws-android-sdk-auth-ui:2.52.1] AndroidManifest.xml:17:13-59
56            android:screenOrientation="portrait" />
56-->[com.amazonaws:aws-android-sdk-auth-ui:2.52.1] AndroidManifest.xml:18:13-49
57        <activity
57-->[com.amazonaws:aws-android-sdk-auth-userpools:2.52.1] AndroidManifest.xml:15:9-19:52
58            android:name="com.amazonaws.mobile.auth.userpools.ForceChangePasswordActivity"
58-->[com.amazonaws:aws-android-sdk-auth-userpools:2.52.1] AndroidManifest.xml:16:13-91
59            android:configChanges="keyboard|keyboardHidden|orientation|screenSize"
59-->[com.amazonaws:aws-android-sdk-auth-userpools:2.52.1] AndroidManifest.xml:17:13-83
60            android:label="@string/title_activity_force_change_password"
60-->[com.amazonaws:aws-android-sdk-auth-userpools:2.52.1] AndroidManifest.xml:18:13-73
61            android:screenOrientation="portrait" />
61-->[com.amazonaws:aws-android-sdk-auth-userpools:2.52.1] AndroidManifest.xml:19:13-49
62        <activity
62-->[com.amazonaws:aws-android-sdk-auth-userpools:2.52.1] AndroidManifest.xml:20:9-24:52
63            android:name="com.amazonaws.mobile.auth.userpools.ForgotPasswordActivity"
63-->[com.amazonaws:aws-android-sdk-auth-userpools:2.52.1] AndroidManifest.xml:21:13-86
64            android:configChanges="keyboard|keyboardHidden|orientation|screenSize"
64-->[com.amazonaws:aws-android-sdk-auth-userpools:2.52.1] AndroidManifest.xml:22:13-83
65            android:label="@string/title_activity_forgot_password"
65-->[com.amazonaws:aws-android-sdk-auth-userpools:2.52.1] AndroidManifest.xml:23:13-67
66            android:screenOrientation="portrait" />
66-->[com.amazonaws:aws-android-sdk-auth-userpools:2.52.1] AndroidManifest.xml:24:13-49
67        <activity
67-->[com.amazonaws:aws-android-sdk-auth-userpools:2.52.1] AndroidManifest.xml:25:9-29:52
68            android:name="com.amazonaws.mobile.auth.userpools.SignUpActivity"
68-->[com.amazonaws:aws-android-sdk-auth-userpools:2.52.1] AndroidManifest.xml:26:13-78
69            android:configChanges="keyboard|keyboardHidden|orientation|screenSize"
69-->[com.amazonaws:aws-android-sdk-auth-userpools:2.52.1] AndroidManifest.xml:27:13-83
70            android:label="@string/title_activity_sign_up"
70-->[com.amazonaws:aws-android-sdk-auth-userpools:2.52.1] AndroidManifest.xml:28:13-59
71            android:screenOrientation="portrait" />
71-->[com.amazonaws:aws-android-sdk-auth-userpools:2.52.1] AndroidManifest.xml:29:13-49
72        <activity
72-->[com.amazonaws:aws-android-sdk-auth-userpools:2.52.1] AndroidManifest.xml:30:9-34:52
73            android:name="com.amazonaws.mobile.auth.userpools.MFAActivity"
73-->[com.amazonaws:aws-android-sdk-auth-userpools:2.52.1] AndroidManifest.xml:31:13-75
74            android:configChanges="keyboard|keyboardHidden|orientation|screenSize"
74-->[com.amazonaws:aws-android-sdk-auth-userpools:2.52.1] AndroidManifest.xml:32:13-83
75            android:label="@string/title_activity_mfa"
75-->[com.amazonaws:aws-android-sdk-auth-userpools:2.52.1] AndroidManifest.xml:33:13-55
76            android:screenOrientation="portrait" />
76-->[com.amazonaws:aws-android-sdk-auth-userpools:2.52.1] AndroidManifest.xml:34:13-49
77        <activity
77-->[com.amazonaws:aws-android-sdk-auth-userpools:2.52.1] AndroidManifest.xml:35:9-39:52
78            android:name="com.amazonaws.mobile.auth.userpools.SignUpConfirmActivity"
78-->[com.amazonaws:aws-android-sdk-auth-userpools:2.52.1] AndroidManifest.xml:36:13-85
79            android:configChanges="keyboard|keyboardHidden|orientation|screenSize"
79-->[com.amazonaws:aws-android-sdk-auth-userpools:2.52.1] AndroidManifest.xml:37:13-83
80            android:label="@string/title_activity_sign_up_confirm"
80-->[com.amazonaws:aws-android-sdk-auth-userpools:2.52.1] AndroidManifest.xml:38:13-67
81            android:screenOrientation="portrait" />
81-->[com.amazonaws:aws-android-sdk-auth-userpools:2.52.1] AndroidManifest.xml:39:13-49
82    </application>
83
84</manifest>